<?xml version="1.0" encoding="UTF-8"?>
<testsuite xmlns:xsi="http://www.w3.org/2001/XMLSchema-instance" xsi:noNamespaceSchemaLocation="https://maven.apache.org/surefire/maven-failsafe-plugin/xsd/failsafe-test-report-3.0.xsd" version="3.0" name="runners.Runner" time="12.705" tests="7" errors="0" skipped="0" failures="1">
  <properties>
    <property name="gopherProxySet" value="false"/>
    <property name="awt.toolkit" value="sun.lwawt.macosx.LWCToolkit"/>
    <property name="file.encoding.pkg" value="sun.io"/>
    <property name="java.specification.version" value="1.8"/>
    <property name="sun.cpu.isalist" value=""/>
    <property name="sun.jnu.encoding" value="UTF-8"/>
    <property name="java.class.path" value="/Users/mahmutkaya/workspace/com.automationpractice/target/test-classes:/Users/mahmutkaya/workspace/com.automationpractice/target/com.automationpractice-1.0.0.jar:/Users/mahmutkaya/.m2/repository/org/seleniumhq/selenium/selenium-java/3.141.59/selenium-java-3.141.59.jar:/Users/mahmutkaya/.m2/repository/org/seleniumhq/selenium/selenium-api/3.141.59/selenium-api-3.141.59.jar:/Users/mahmutkaya/.m2/repository/org/seleniumhq/selenium/selenium-chrome-driver/3.141.59/selenium-chrome-driver-3.141.59.jar:/Users/mahmutkaya/.m2/repository/org/seleniumhq/selenium/selenium-edge-driver/3.141.59/selenium-edge-driver-3.141.59.jar:/Users/mahmutkaya/.m2/repository/org/seleniumhq/selenium/selenium-firefox-driver/3.141.59/selenium-firefox-driver-3.141.59.jar:/Users/mahmutkaya/.m2/repository/org/seleniumhq/selenium/selenium-ie-driver/3.141.59/selenium-ie-driver-3.141.59.jar:/Users/mahmutkaya/.m2/repository/org/seleniumhq/selenium/selenium-opera-driver/3.141.59/selenium-opera-driver-3.141.59.jar:/Users/mahmutkaya/.m2/repository/org/seleniumhq/selenium/selenium-remote-driver/3.141.59/selenium-remote-driver-3.141.59.jar:/Users/mahmutkaya/.m2/repository/org/seleniumhq/selenium/selenium-safari-driver/3.141.59/selenium-safari-driver-3.141.59.jar:/Users/mahmutkaya/.m2/repository/org/seleniumhq/selenium/selenium-support/3.141.59/selenium-support-3.141.59.jar:/Users/mahmutkaya/.m2/repository/net/bytebuddy/byte-buddy/1.8.15/byte-buddy-1.8.15.jar:/Users/mahmutkaya/.m2/repository/org/apache/commons/commons-exec/1.3/commons-exec-1.3.jar:/Users/mahmutkaya/.m2/repository/com/google/guava/guava/25.0-jre/guava-25.0-jre.jar:/Users/mahmutkaya/.m2/repository/com/google/code/findbugs/jsr305/1.3.9/jsr305-1.3.9.jar:/Users/mahmutkaya/.m2/repository/org/checkerframework/checker-compat-qual/2.0.0/checker-compat-qual-2.0.0.jar:/Users/mahmutkaya/.m2/repository/com/google/errorprone/error_prone_annotations/2.1.3/error_prone_annotations-2.1.3.jar:/Users/mahmutkaya/.m2/repository/com/google/j2objc/j2objc-annotations/1.1/j2objc-annotations-1.1.jar:/Users/mahmutkaya/.m2/repository/org/codehaus/mojo/animal-sniffer-annotations/1.14/animal-sniffer-annotations-1.14.jar:/Users/mahmutkaya/.m2/repository/com/squareup/okhttp3/okhttp/3.11.0/okhttp-3.11.0.jar:/Users/mahmutkaya/.m2/repository/com/squareup/okio/okio/1.14.0/okio-1.14.0.jar:/Users/mahmutkaya/.m2/repository/io/cucumber/cucumber-java/6.10.4/cucumber-java-6.10.4.jar:/Users/mahmutkaya/.m2/repository/io/cucumber/cucumber-core/6.10.4/cucumber-core-6.10.4.jar:/Users/mahmutkaya/.m2/repository/io/cucumber/cucumber-gherkin/6.10.4/cucumber-gherkin-6.10.4.jar:/Users/mahmutkaya/.m2/repository/io/cucumber/cucumber-gherkin-messages/6.10.4/cucumber-gherkin-messages-6.10.4.jar:/Users/mahmutkaya/.m2/repository/io/cucumber/messages/15.0.0/messages-15.0.0.jar:/Users/mahmutkaya/.m2/repository/io/cucumber/tag-expressions/3.0.1/tag-expressions-3.0.1.jar:/Users/mahmutkaya/.m2/repository/io/cucumber/cucumber-expressions/10.3.0/cucumber-expressions-10.3.0.jar:/Users/mahmutkaya/.m2/repository/io/cucumber/datatable/3.5.0/datatable-3.5.0.jar:/Users/mahmutkaya/.m2/repository/io/cucumber/cucumber-plugin/6.10.4/cucumber-plugin-6.10.4.jar:/Users/mahmutkaya/.m2/repository/io/cucumber/docstring/6.10.4/docstring-6.10.4.jar:/Users/mahmutkaya/.m2/repository/io/cucumber/html-formatter/13.0.0/html-formatter-13.0.0.jar:/Users/mahmutkaya/.m2/repository/io/cucumber/create-meta/4.0.0/create-meta-4.0.0.jar:/Users/mahmutkaya/.m2/repository/org/apiguardian/apiguardian-api/1.1.1/apiguardian-api-1.1.1.jar:/Users/mahmutkaya/.m2/repository/io/cucumber/cucumber-junit/6.10.4/cucumber-junit-6.10.4.jar:/Users/mahmutkaya/.m2/repository/junit/junit/4.13.2/junit-4.13.2.jar:/Users/mahmutkaya/.m2/repository/org/hamcrest/hamcrest-core/1.3/hamcrest-core-1.3.jar:/Users/mahmutkaya/.m2/repository/io/github/bonigarcia/webdrivermanager/4.4.3/webdrivermanager-4.4.3.jar:/Users/mahmutkaya/.m2/repository/org/slf4j/slf4j-api/1.7.30/slf4j-api-1.7.30.jar:/Users/mahmutkaya/.m2/repository/commons-io/commons-io/2.8.0/commons-io-2.8.0.jar:/Users/mahmutkaya/.m2/repository/com/google/code/gson/gson/2.8.6/gson-2.8.6.jar:/Users/mahmutkaya/.m2/repository/org/apache/commons/commons-lang3/3.12.0/commons-lang3-3.12.0.jar:/Users/mahmutkaya/.m2/repository/org/apache/httpcomponents/client5/httpclient5/5.0.3/httpclient5-5.0.3.jar:/Users/mahmutkaya/.m2/repository/org/apache/httpcomponents/core5/httpcore5/5.0.2/httpcore5-5.0.2.jar:/Users/mahmutkaya/.m2/repository/org/apache/httpcomponents/core5/httpcore5-h2/5.0.2/httpcore5-h2-5.0.2.jar:/Users/mahmutkaya/.m2/repository/commons-codec/commons-codec/1.13/commons-codec-1.13.jar:/Users/mahmutkaya/.m2/repository/org/rauschig/jarchivelib/1.1.0/jarchivelib-1.1.0.jar:/Users/mahmutkaya/.m2/repository/org/apache/commons/commons-compress/1.20/commons-compress-1.20.jar:/Users/mahmutkaya/.m2/repository/org/jsoup/jsoup/1.13.1/jsoup-1.13.1.jar:/Users/mahmutkaya/.m2/repository/io/rest-assured/rest-assured/4.4.0/rest-assured-4.4.0.jar:/Users/mahmutkaya/.m2/repository/org/codehaus/groovy/groovy/3.0.8/groovy-3.0.8.jar:/Users/mahmutkaya/.m2/repository/org/codehaus/groovy/groovy-xml/3.0.8/groovy-xml-3.0.8.jar:/Users/mahmutkaya/.m2/repository/org/apache/httpcomponents/httpclient/4.5.13/httpclient-4.5.13.jar:/Users/mahmutkaya/.m2/repository/org/apache/httpcomponents/httpcore/4.4.13/httpcore-4.4.13.jar:/Users/mahmutkaya/.m2/repository/commons-logging/commons-logging/1.2/commons-logging-1.2.jar:/Users/mahmutkaya/.m2/repository/org/apache/httpcomponents/httpmime/4.5.13/httpmime-4.5.13.jar:/Users/mahmutkaya/.m2/repository/org/ccil/cowan/tagsoup/tagsoup/1.2.1/tagsoup-1.2.1.jar:/Users/mahmutkaya/.m2/repository/io/rest-assured/json-path/4.4.0/json-path-4.4.0.jar:/Users/mahmutkaya/.m2/repository/org/codehaus/groovy/groovy-json/3.0.8/groovy-json-3.0.8.jar:/Users/mahmutkaya/.m2/repository/io/rest-assured/rest-assured-common/4.4.0/rest-assured-common-4.4.0.jar:/Users/mahmutkaya/.m2/repository/io/rest-assured/xml-path/4.4.0/xml-path-4.4.0.jar:/Users/mahmutkaya/.m2/repository/jakarta/xml/bind/jakarta.xml.bind-api/2.3.3/jakarta.xml.bind-api-2.3.3.jar:/Users/mahmutkaya/.m2/repository/jakarta/activation/jakarta.activation-api/1.2.2/jakarta.activation-api-1.2.2.jar:/Users/mahmutkaya/.m2/repository/com/sun/xml/bind/jaxb-impl/2.3.3/jaxb-impl-2.3.3.jar:/Users/mahmutkaya/.m2/repository/org/hamcrest/hamcrest/2.2/hamcrest-2.2.jar:/Users/mahmutkaya/.m2/repository/com/fasterxml/jackson/core/jackson-databind/2.12.3/jackson-databind-2.12.3.jar:/Users/mahmutkaya/.m2/repository/com/fasterxml/jackson/core/jackson-annotations/2.12.3/jackson-annotations-2.12.3.jar:/Users/mahmutkaya/.m2/repository/com/fasterxml/jackson/core/jackson-core/2.12.3/jackson-core-2.12.3.jar:"/>
    <property name="java.vm.vendor" value="Oracle Corporation"/>
    <property name="sun.arch.data.model" value="64"/>
    <property name="java.vendor.url" value="http://java.oracle.com/"/>
    <property name="user.timezone" value=""/>
    <property name="java.vm.specification.version" value="1.8"/>
    <property name="os.name" value="Mac OS X"/>
    <property name="user.country" value="NL"/>
    <property name="sun.java.launcher" value="SUN_STANDARD"/>
    <property name="sun.boot.library.path" value="/Library/Java/JavaVirtualMachines/jdk1.8.0_291.jdk/Contents/Home/jre/lib"/>
    <property name="sun.java.command" value="/Users/mahmutkaya/workspace/com.automationpractice/target/surefire/surefirebooter6338237491196092208.jar /Users/mahmutkaya/workspace/com.automationpractice/target/surefire 2021-07-06T01-36-52_179-jvmRun1 surefire2321283850441207649tmp surefire_09173194875297130275tmp"/>
    <property name="http.nonProxyHosts" value="local|*.local|169.254/16|*.169.254/16"/>
    <property name="surefire.test.class.path" value="/Users/mahmutkaya/workspace/com.automationpractice/target/test-classes:/Users/mahmutkaya/workspace/com.automationpractice/target/com.automationpractice-1.0.0.jar:/Users/mahmutkaya/.m2/repository/org/seleniumhq/selenium/selenium-java/3.141.59/selenium-java-3.141.59.jar:/Users/mahmutkaya/.m2/repository/org/seleniumhq/selenium/selenium-api/3.141.59/selenium-api-3.141.59.jar:/Users/mahmutkaya/.m2/repository/org/seleniumhq/selenium/selenium-chrome-driver/3.141.59/selenium-chrome-driver-3.141.59.jar:/Users/mahmutkaya/.m2/repository/org/seleniumhq/selenium/selenium-edge-driver/3.141.59/selenium-edge-driver-3.141.59.jar:/Users/mahmutkaya/.m2/repository/org/seleniumhq/selenium/selenium-firefox-driver/3.141.59/selenium-firefox-driver-3.141.59.jar:/Users/mahmutkaya/.m2/repository/org/seleniumhq/selenium/selenium-ie-driver/3.141.59/selenium-ie-driver-3.141.59.jar:/Users/mahmutkaya/.m2/repository/org/seleniumhq/selenium/selenium-opera-driver/3.141.59/selenium-opera-driver-3.141.59.jar:/Users/mahmutkaya/.m2/repository/org/seleniumhq/selenium/selenium-remote-driver/3.141.59/selenium-remote-driver-3.141.59.jar:/Users/mahmutkaya/.m2/repository/org/seleniumhq/selenium/selenium-safari-driver/3.141.59/selenium-safari-driver-3.141.59.jar:/Users/mahmutkaya/.m2/repository/org/seleniumhq/selenium/selenium-support/3.141.59/selenium-support-3.141.59.jar:/Users/mahmutkaya/.m2/repository/net/bytebuddy/byte-buddy/1.8.15/byte-buddy-1.8.15.jar:/Users/mahmutkaya/.m2/repository/org/apache/commons/commons-exec/1.3/commons-exec-1.3.jar:/Users/mahmutkaya/.m2/repository/com/google/guava/guava/25.0-jre/guava-25.0-jre.jar:/Users/mahmutkaya/.m2/repository/com/google/code/findbugs/jsr305/1.3.9/jsr305-1.3.9.jar:/Users/mahmutkaya/.m2/repository/org/checkerframework/checker-compat-qual/2.0.0/checker-compat-qual-2.0.0.jar:/Users/mahmutkaya/.m2/repository/com/google/errorprone/error_prone_annotations/2.1.3/error_prone_annotations-2.1.3.jar:/Users/mahmutkaya/.m2/repository/com/google/j2objc/j2objc-annotations/1.1/j2objc-annotations-1.1.jar:/Users/mahmutkaya/.m2/repository/org/codehaus/mojo/animal-sniffer-annotations/1.14/animal-sniffer-annotations-1.14.jar:/Users/mahmutkaya/.m2/repository/com/squareup/okhttp3/okhttp/3.11.0/okhttp-3.11.0.jar:/Users/mahmutkaya/.m2/repository/com/squareup/okio/okio/1.14.0/okio-1.14.0.jar:/Users/mahmutkaya/.m2/repository/io/cucumber/cucumber-java/6.10.4/cucumber-java-6.10.4.jar:/Users/mahmutkaya/.m2/repository/io/cucumber/cucumber-core/6.10.4/cucumber-core-6.10.4.jar:/Users/mahmutkaya/.m2/repository/io/cucumber/cucumber-gherkin/6.10.4/cucumber-gherkin-6.10.4.jar:/Users/mahmutkaya/.m2/repository/io/cucumber/cucumber-gherkin-messages/6.10.4/cucumber-gherkin-messages-6.10.4.jar:/Users/mahmutkaya/.m2/repository/io/cucumber/messages/15.0.0/messages-15.0.0.jar:/Users/mahmutkaya/.m2/repository/io/cucumber/tag-expressions/3.0.1/tag-expressions-3.0.1.jar:/Users/mahmutkaya/.m2/repository/io/cucumber/cucumber-expressions/10.3.0/cucumber-expressions-10.3.0.jar:/Users/mahmutkaya/.m2/repository/io/cucumber/datatable/3.5.0/datatable-3.5.0.jar:/Users/mahmutkaya/.m2/repository/io/cucumber/cucumber-plugin/6.10.4/cucumber-plugin-6.10.4.jar:/Users/mahmutkaya/.m2/repository/io/cucumber/docstring/6.10.4/docstring-6.10.4.jar:/Users/mahmutkaya/.m2/repository/io/cucumber/html-formatter/13.0.0/html-formatter-13.0.0.jar:/Users/mahmutkaya/.m2/repository/io/cucumber/create-meta/4.0.0/create-meta-4.0.0.jar:/Users/mahmutkaya/.m2/repository/org/apiguardian/apiguardian-api/1.1.1/apiguardian-api-1.1.1.jar:/Users/mahmutkaya/.m2/repository/io/cucumber/cucumber-junit/6.10.4/cucumber-junit-6.10.4.jar:/Users/mahmutkaya/.m2/repository/junit/junit/4.13.2/junit-4.13.2.jar:/Users/mahmutkaya/.m2/repository/org/hamcrest/hamcrest-core/1.3/hamcrest-core-1.3.jar:/Users/mahmutkaya/.m2/repository/io/github/bonigarcia/webdrivermanager/4.4.3/webdrivermanager-4.4.3.jar:/Users/mahmutkaya/.m2/repository/org/slf4j/slf4j-api/1.7.30/slf4j-api-1.7.30.jar:/Users/mahmutkaya/.m2/repository/commons-io/commons-io/2.8.0/commons-io-2.8.0.jar:/Users/mahmutkaya/.m2/repository/com/google/code/gson/gson/2.8.6/gson-2.8.6.jar:/Users/mahmutkaya/.m2/repository/org/apache/commons/commons-lang3/3.12.0/commons-lang3-3.12.0.jar:/Users/mahmutkaya/.m2/repository/org/apache/httpcomponents/client5/httpclient5/5.0.3/httpclient5-5.0.3.jar:/Users/mahmutkaya/.m2/repository/org/apache/httpcomponents/core5/httpcore5/5.0.2/httpcore5-5.0.2.jar:/Users/mahmutkaya/.m2/repository/org/apache/httpcomponents/core5/httpcore5-h2/5.0.2/httpcore5-h2-5.0.2.jar:/Users/mahmutkaya/.m2/repository/commons-codec/commons-codec/1.13/commons-codec-1.13.jar:/Users/mahmutkaya/.m2/repository/org/rauschig/jarchivelib/1.1.0/jarchivelib-1.1.0.jar:/Users/mahmutkaya/.m2/repository/org/apache/commons/commons-compress/1.20/commons-compress-1.20.jar:/Users/mahmutkaya/.m2/repository/org/jsoup/jsoup/1.13.1/jsoup-1.13.1.jar:/Users/mahmutkaya/.m2/repository/io/rest-assured/rest-assured/4.4.0/rest-assured-4.4.0.jar:/Users/mahmutkaya/.m2/repository/org/codehaus/groovy/groovy/3.0.8/groovy-3.0.8.jar:/Users/mahmutkaya/.m2/repository/org/codehaus/groovy/groovy-xml/3.0.8/groovy-xml-3.0.8.jar:/Users/mahmutkaya/.m2/repository/org/apache/httpcomponents/httpclient/4.5.13/httpclient-4.5.13.jar:/Users/mahmutkaya/.m2/repository/org/apache/httpcomponents/httpcore/4.4.13/httpcore-4.4.13.jar:/Users/mahmutkaya/.m2/repository/commons-logging/commons-logging/1.2/commons-logging-1.2.jar:/Users/mahmutkaya/.m2/repository/org/apache/httpcomponents/httpmime/4.5.13/httpmime-4.5.13.jar:/Users/mahmutkaya/.m2/repository/org/ccil/cowan/tagsoup/tagsoup/1.2.1/tagsoup-1.2.1.jar:/Users/mahmutkaya/.m2/repository/io/rest-assured/json-path/4.4.0/json-path-4.4.0.jar:/Users/mahmutkaya/.m2/repository/org/codehaus/groovy/groovy-json/3.0.8/groovy-json-3.0.8.jar:/Users/mahmutkaya/.m2/repository/io/rest-assured/rest-assured-common/4.4.0/rest-assured-common-4.4.0.jar:/Users/mahmutkaya/.m2/repository/io/rest-assured/xml-path/4.4.0/xml-path-4.4.0.jar:/Users/mahmutkaya/.m2/repository/jakarta/xml/bind/jakarta.xml.bind-api/2.3.3/jakarta.xml.bind-api-2.3.3.jar:/Users/mahmutkaya/.m2/repository/jakarta/activation/jakarta.activation-api/1.2.2/jakarta.activation-api-1.2.2.jar:/Users/mahmutkaya/.m2/repository/com/sun/xml/bind/jaxb-impl/2.3.3/jaxb-impl-2.3.3.jar:/Users/mahmutkaya/.m2/repository/org/hamcrest/hamcrest/2.2/hamcrest-2.2.jar:/Users/mahmutkaya/.m2/repository/com/fasterxml/jackson/core/jackson-databind/2.12.3/jackson-databind-2.12.3.jar:/Users/mahmutkaya/.m2/repository/com/fasterxml/jackson/core/jackson-annotations/2.12.3/jackson-annotations-2.12.3.jar:/Users/mahmutkaya/.m2/repository/com/fasterxml/jackson/core/jackson-core/2.12.3/jackson-core-2.12.3.jar:"/>
    <property name="sun.cpu.endian" value="little"/>
    <property name="user.home" value="/Users/mahmutkaya"/>
    <property name="user.language" value="en"/>
    <property name="java.specification.vendor" value="Oracle Corporation"/>
    <property name="java.home" value="/Library/Java/JavaVirtualMachines/jdk1.8.0_291.jdk/Contents/Home/jre"/>
    <property name="basedir" value="/Users/mahmutkaya/workspace/com.automationpractice"/>
    <property name="file.separator" value="/"/>
    <property name="line.separator" value="&#10;"/>
    <property name="java.vm.specification.vendor" value="Oracle Corporation"/>
    <property name="java.specification.name" value="Java Platform API Specification"/>
    <property name="java.awt.graphicsenv" value="sun.awt.CGraphicsEnvironment"/>
    <property name="surefire.real.class.path" value="/Users/mahmutkaya/workspace/com.automationpractice/target/surefire/surefirebooter6338237491196092208.jar"/>
    <property name="sun.boot.class.path" value="/Library/Java/JavaVirtualMachines/jdk1.8.0_291.jdk/Contents/Home/jre/lib/resources.jar:/Library/Java/JavaVirtualMachines/jdk1.8.0_291.jdk/Contents/Home/jre/lib/rt.jar:/Library/Java/JavaVirtualMachines/jdk1.8.0_291.jdk/Contents/Home/jre/lib/sunrsasign.jar:/Library/Java/JavaVirtualMachines/jdk1.8.0_291.jdk/Contents/Home/jre/lib/jsse.jar:/Library/Java/JavaVirtualMachines/jdk1.8.0_291.jdk/Contents/Home/jre/lib/jce.jar:/Library/Java/JavaVirtualMachines/jdk1.8.0_291.jdk/Contents/Home/jre/lib/charsets.jar:/Library/Java/JavaVirtualMachines/jdk1.8.0_291.jdk/Contents/Home/jre/lib/jfr.jar:/Library/Java/JavaVirtualMachines/jdk1.8.0_291.jdk/Contents/Home/jre/classes"/>
    <property name="sun.management.compiler" value="HotSpot 64-Bit Tiered Compilers"/>
    <property name="ftp.nonProxyHosts" value="local|*.local|169.254/16|*.169.254/16"/>
    <property name="java.runtime.version" value="1.8.0_291-b10"/>
    <property name="user.name" value="mahmutkaya"/>
    <property name="path.separator" value=":"/>
    <property name="os.version" value="10.16"/>
    <property name="java.endorsed.dirs" value="/Library/Java/JavaVirtualMachines/jdk1.8.0_291.jdk/Contents/Home/jre/lib/endorsed"/>
    <property name="java.runtime.name" value="Java(TM) SE Runtime Environment"/>
    <property name="file.encoding" value="US-ASCII"/>
    <property name="java.vm.name" value="Java HotSpot(TM) 64-Bit Server VM"/>
    <property name="localRepository" value="/Users/mahmutkaya/.m2/repository"/>
    <property name="java.vendor.url.bug" value="http://bugreport.sun.com/bugreport/"/>
    <property name="java.io.tmpdir" value="/var/folders/3p/w370tzw52rjc2g47m53jr40h0000gn/T/"/>
    <property name="java.version" value="1.8.0_291"/>
    <property name="user.dir" value="/Users/mahmutkaya/workspace/com.automationpractice"/>
    <property name="os.arch" value="x86_64"/>
    <property name="java.vm.specification.name" value="Java Virtual Machine Specification"/>
    <property name="java.awt.printerjob" value="sun.lwawt.macosx.CPrinterJob"/>
    <property name="sun.os.patch.level" value="unknown"/>
    <property name="java.library.path" value="/Users/mahmutkaya/Library/Java/Extensions:/Library/Java/Extensions:/Network/Library/Java/Extensions:/System/Library/Java/Extensions:/usr/lib/java:."/>
    <property name="java.vm.info" value="mixed mode"/>
    <property name="java.vendor" value="Oracle Corporation"/>
    <property name="java.vm.version" value="25.291-b10"/>
    <property name="java.ext.dirs" value="/Users/mahmutkaya/Library/Java/Extensions:/Library/Java/JavaVirtualMachines/jdk1.8.0_291.jdk/Contents/Home/jre/lib/ext:/Library/Java/Extensions:/Network/Library/Java/Extensions:/System/Library/Java/Extensions:/usr/lib/java"/>
    <property name="sun.io.unicode.encoding" value="UnicodeBig"/>
    <property name="java.class.version" value="52.0"/>
    <property name="socksNonProxyHosts" value="local|*.local|169.254/16|*.169.254/16"/>
  </properties>
  <testcase name="Create account WITHOUT EMAIL FAILS Invalid email address." classname="Create Account - api" time="5.197">
    <system-out><![CDATA[
@smoke @api @createAccount_api
Scenario Outline: Create account WITHOUT EMAIL FAILS Invalid email address.           &amp#27;[90m# src/test/resources/features/TC_1000_create_account.feature:22&amp#27;[0m
  &amp#27;[32mGiven &amp#27;[0m&amp#27;[32mthe account creation endpoint is &amp#27;[0m&amp#27;[32m&amp#27;[1m"?controller=authentication&back=my-account"&amp#27;[0m &amp#27;[90m# stepdefinitions.AccountSteps_API.the_account_creation_endpoint_is(java.lang.String)&amp#27;[0m
  &amp#27;[32mAnd &amp#27;[0m&amp#27;[32mI want to create an account with the following attributes:&amp#27;[0m                      &amp#27;[90m# stepdefinitions.AccountCommonSteps.i_want_to_create_an_account_with_the_following_attributes(java.util.List<pojos.User>)&amp#27;[0m
  &amp#27;[32mAnd &amp#27;[0m&amp#27;[32mwith the following address information:&amp#27;[0m                                         &amp#27;[90m# stepdefinitions.AccountCommonSteps.with_the_following_address_information(java.util.List<pojos.Address>)&amp#27;[0m
  &amp#27;[32mWhen &amp#27;[0m&amp#27;[32mI save the new account by api &amp#27;[0m&amp#27;[32m&amp#27;[1m'WITHOUT EMAIL'&amp#27;[0m                                  &amp#27;[90m# stepdefinitions.AccountSteps_API.i_save_the_new_account_by_api(java.lang.String)&amp#27;[0m
  &amp#27;[32mThen &amp#27;[0m&amp#27;[32mthe save &amp#27;[0m&amp#27;[32m&amp#27;[1m'FAILS'&amp#27;[0m                                                               &amp#27;[90m# stepdefinitions.AccountCommonSteps.the_save(java.lang.String)&amp#27;[0m
  &amp#27;[32mAnd &amp#27;[0m&amp#27;[32mthe response on api should be: &amp#27;[0m&amp#27;[32m&amp#27;[1m'Invalid email address.'&amp#27;[0m                         &amp#27;[90m# stepdefinitions.AccountSteps_API.the_response_on_api_should_be(java.lang.String)&amp#27;[0m
]]></system-out>
  </testcase>
  <testcase name="Create account WITH INVALID EMAIL FAILS Invalid email address." classname="Create Account - api" time="0.826">
    <system-out><![CDATA[
@smoke @api @createAccount_api
Scenario Outline: Create account WITH INVALID EMAIL FAILS Invalid email address.      &amp#27;[90m# src/test/resources/features/TC_1000_create_account.feature:23&amp#27;[0m
  &amp#27;[32mGiven &amp#27;[0m&amp#27;[32mthe account creation endpoint is &amp#27;[0m&amp#27;[32m&amp#27;[1m"?controller=authentication&back=my-account"&amp#27;[0m &amp#27;[90m# stepdefinitions.AccountSteps_API.the_account_creation_endpoint_is(java.lang.String)&amp#27;[0m
  &amp#27;[32mAnd &amp#27;[0m&amp#27;[32mI want to create an account with the following attributes:&amp#27;[0m                      &amp#27;[90m# stepdefinitions.AccountCommonSteps.i_want_to_create_an_account_with_the_following_attributes(java.util.List<pojos.User>)&amp#27;[0m
  &amp#27;[32mAnd &amp#27;[0m&amp#27;[32mwith the following address information:&amp#27;[0m                                         &amp#27;[90m# stepdefinitions.AccountCommonSteps.with_the_following_address_information(java.util.List<pojos.Address>)&amp#27;[0m
  &amp#27;[32mWhen &amp#27;[0m&amp#27;[32mI save the new account by api &amp#27;[0m&amp#27;[32m&amp#27;[1m'WITH INVALID EMAIL'&amp#27;[0m                             &amp#27;[90m# stepdefinitions.AccountSteps_API.i_save_the_new_account_by_api(java.lang.String)&amp#27;[0m
  &amp#27;[32mThen &amp#27;[0m&amp#27;[32mthe save &amp#27;[0m&amp#27;[32m&amp#27;[1m'FAILS'&amp#27;[0m                                                               &amp#27;[90m# stepdefinitions.AccountCommonSteps.the_save(java.lang.String)&amp#27;[0m
  &amp#27;[32mAnd &amp#27;[0m&amp#27;[32mthe response on api should be: &amp#27;[0m&amp#27;[32m&amp#27;[1m'Invalid email address.'&amp#27;[0m                         &amp#27;[90m# stepdefinitions.AccountSteps_API.the_response_on_api_should_be(java.lang.String)&amp#27;[0m
]]></system-out>
  </testcase>
  <testcase name="Create account WITH EXISTING EMAIL FAILS An account using this email address has already been registered." classname="Create Account - api" time="0.765">
    <failure message="Expected: An account using this email address has already been registered.&#10;Actual: [An account using this email address has already been registered. Please enter a valid password or request a new one. ]" type="java.lang.AssertionError"><![CDATA[java.lang.AssertionError: 
Expected: An account using this email address has already been registered.
Actual: [An account using this email address has already been registered. Please enter a valid password or request a new one. ]
]]></failure>
    <system-out><![CDATA[
@smoke @api @createAccount_api
Scenario Outline: Create account WITH EXISTING EMAIL FAILS An account using this email address has already been registered. &amp#27;[90m# src/test/resources/features/TC_1000_create_account.feature:24&amp#27;[0m
  &amp#27;[32mGiven &amp#27;[0m&amp#27;[32mthe account creation endpoint is &amp#27;[0m&amp#27;[32m&amp#27;[1m"?controller=authentication&back=my-account"&amp#27;[0m                                       &amp#27;[90m# stepdefinitions.AccountSteps_API.the_account_creation_endpoint_is(java.lang.String)&amp#27;[0m
  &amp#27;[32mAnd &amp#27;[0m&amp#27;[32mI want to create an account with the following attributes:&amp#27;[0m                                                            &amp#27;[90m# stepdefinitions.AccountCommonSteps.i_want_to_create_an_account_with_the_following_attributes(java.util.List<pojos.User>)&amp#27;[0m
  &amp#27;[32mAnd &amp#27;[0m&amp#27;[32mwith the following address information:&amp#27;[0m                                                                               &amp#27;[90m# stepdefinitions.AccountCommonSteps.with_the_following_address_information(java.util.List<pojos.Address>)&amp#27;[0m
  &amp#27;[32mWhen &amp#27;[0m&amp#27;[32mI save the new account by api &amp#27;[0m&amp#27;[32m&amp#27;[1m'WITH EXISTING EMAIL'&amp#27;[0m                                                                  &amp#27;[90m# stepdefinitions.AccountSteps_API.i_save_the_new_account_by_api(java.lang.String)&amp#27;[0m
  &amp#27;[32mThen &amp#27;[0m&amp#27;[32mthe save &amp#27;[0m&amp#27;[32m&amp#27;[1m'FAILS'&amp#27;[0m                                                                                                     &amp#27;[90m# stepdefinitions.AccountCommonSteps.the_save(java.lang.String)&amp#27;[0m
  &amp#27;[31mAnd &amp#27;[0m&amp#27;[31mthe response on api should be: &amp#27;[0m&amp#27;[31m&amp#27;[1m'An account using this email address has already been registered.'&amp#27;[0m                     &amp#27;[90m# stepdefinitions.AccountSteps_API.the_response_on_api_should_be(java.lang.String)&amp#27;[0m
      &amp#27;[31mjava.lang.AssertionError: Expected: An account using this email address has already been registered.
Actual: [An account using this email address has already been registered. Please enter a valid password or request a new one. ]
	at org.junit.Assert.fail(Assert.java:89)
	at org.junit.Assert.assertTrue(Assert.java:42)
	at stepdefinitions.AccountSteps_API.the_response_on_api_should_be(AccountSteps_API.java:42)
	at ���.the response on api should be: 'An account using this email address has already been registered.'(file:///Users/mahmutkaya/workspace/com.automationpractice/src/test/resources/features/TC_1000_create_account.feature:17)
&amp#27;[0m
]]></system-out>
  </testcase>
  <testcase name="Create account WITH NEW/VALID EMAIL IS SUCCESSFUL " classname="Create Account - api" time="0.853">
    <system-out><![CDATA[
@smoke @api @createAccount_api
Scenario Outline: Create account WITH NEW/VALID EMAIL IS SUCCESSFUL                   &amp#27;[90m# src/test/resources/features/TC_1000_create_account.feature:25&amp#27;[0m
  &amp#27;[32mGiven &amp#27;[0m&amp#27;[32mthe account creation endpoint is &amp#27;[0m&amp#27;[32m&amp#27;[1m"?controller=authentication&back=my-account"&amp#27;[0m &amp#27;[90m# stepdefinitions.AccountSteps_API.the_account_creation_endpoint_is(java.lang.String)&amp#27;[0m
  &amp#27;[32mAnd &amp#27;[0m&amp#27;[32mI want to create an account with the following attributes:&amp#27;[0m                      &amp#27;[90m# stepdefinitions.AccountCommonSteps.i_want_to_create_an_account_with_the_following_attributes(java.util.List<pojos.User>)&amp#27;[0m
  &amp#27;[32mAnd &amp#27;[0m&amp#27;[32mwith the following address information:&amp#27;[0m                                         &amp#27;[90m# stepdefinitions.AccountCommonSteps.with_the_following_address_information(java.util.List<pojos.Address>)&amp#27;[0m
  &amp#27;[32mWhen &amp#27;[0m&amp#27;[32mI save the new account by api &amp#27;[0m&amp#27;[32m&amp#27;[1m'WITH NEW/VALID EMAIL'&amp#27;[0m                           &amp#27;[90m# stepdefinitions.AccountSteps_API.i_save_the_new_account_by_api(java.lang.String)&amp#27;[0m
  &amp#27;[32mThen &amp#27;[0m&amp#27;[32mthe save &amp#27;[0m&amp#27;[32m&amp#27;[1m'IS SUCCESSFUL'&amp#27;[0m                                                       &amp#27;[90m# stepdefinitions.AccountCommonSteps.the_save(java.lang.String)&amp#27;[0m
  &amp#27;[32mAnd &amp#27;[0m&amp#27;[32mthe response on api should be: &amp#27;[0m&amp#27;[32m&amp#27;[1m''&amp#27;[0m                                               &amp#27;[90m# stepdefinitions.AccountSteps_API.the_response_on_api_should_be(java.lang.String)&amp#27;[0m
]]></system-out>
  </testcase>
  <testcase name="Add to cart WITH NON-AVAILABLE ID FAILS This product is no longer available." classname="Add product to cart - api" time="1.019">
    <system-out><![CDATA[
@smoke @api @addToCart_api
Scenario Outline: Add to cart WITH NON-AVAILABLE ID FAILS This product is no longer available. &amp#27;[90m# src/test/resources/features/TC_2000_add_to_cart.feature:17&amp#27;[0m
  &amp#27;[32mGiven &amp#27;[0m&amp#27;[32mthe cart endpoint is &amp#27;[0m&amp#27;[32m&amp#27;[1m"?controller=cart&ajax=true"&amp#27;[0m                                      &amp#27;[90m# stepdefinitions.CartSteps_API.the_cart_endpoint_is(java.lang.String)&amp#27;[0m
  &amp#27;[32mAnd &amp#27;[0m&amp#27;[32ma product with the following attributes:&amp#27;[0m                                                 &amp#27;[90m# stepdefinitions.CartSteps_API.a_product_with_the_following_attributes(java.util.List<java.util.Map<java.lang.String, java.lang.String>>)&amp#27;[0m
  &amp#27;[32mWhen &amp#27;[0m&amp#27;[32mI want to add the product &amp#27;[0m&amp#27;[32m&amp#27;[1m'WITH NON-AVAILABLE ID'&amp#27;[0m                                       &amp#27;[90m# stepdefinitions.CartSteps_API.i_want_to_add_the_product(java.lang.String)&amp#27;[0m
  &amp#27;[32mThen &amp#27;[0m&amp#27;[32mthe request &amp#27;[0m&amp#27;[32m&amp#27;[1m'FAILS'&amp#27;[0m                                                                     &amp#27;[90m# stepdefinitions.CartSteps_API.the_request(java.lang.String)&amp#27;[0m
  &amp#27;[32mAnd &amp#27;[0m&amp#27;[32mthe api response is: &amp#27;[0m&amp#27;[32m&amp#27;[1m'This product is no longer available.'&amp#27;[0m                              &amp#27;[90m# stepdefinitions.CartSteps_API.the_api_response_is(java.lang.String)&amp#27;[0m
]]></system-out>
  </testcase>
  <testcase name="Add to cart WITH AVAILABLE ID IS SUCCESS " classname="Add product to cart - api" time="1.145">
    <system-out><![CDATA[
@smoke @api @addToCart_api
Scenario Outline: Add to cart WITH AVAILABLE ID IS SUCCESS  &amp#27;[90m# src/test/resources/features/TC_2000_add_to_cart.feature:18&amp#27;[0m
  &amp#27;[32mGiven &amp#27;[0m&amp#27;[32mthe cart endpoint is &amp#27;[0m&amp#27;[32m&amp#27;[1m"?controller=cart&ajax=true"&amp#27;[0m   &amp#27;[90m# stepdefinitions.CartSteps_API.the_cart_endpoint_is(java.lang.String)&amp#27;[0m
  &amp#27;[32mAnd &amp#27;[0m&amp#27;[32ma product with the following attributes:&amp#27;[0m              &amp#27;[90m# stepdefinitions.CartSteps_API.a_product_with_the_following_attributes(java.util.List<java.util.Map<java.lang.String, java.lang.String>>)&amp#27;[0m
  &amp#27;[32mWhen &amp#27;[0m&amp#27;[32mI want to add the product &amp#27;[0m&amp#27;[32m&amp#27;[1m'WITH AVAILABLE ID'&amp#27;[0m        &amp#27;[90m# stepdefinitions.CartSteps_API.i_want_to_add_the_product(java.lang.String)&amp#27;[0m
  &amp#27;[32mThen &amp#27;[0m&amp#27;[32mthe request &amp#27;[0m&amp#27;[32m&amp#27;[1m'IS SUCCESS'&amp#27;[0m                             &amp#27;[90m# stepdefinitions.CartSteps_API.the_request(java.lang.String)&amp#27;[0m
  &amp#27;[32mAnd &amp#27;[0m&amp#27;[32mthe api response is: &amp#27;[0m&amp#27;[32m&amp#27;[1m''&amp#27;[0m                               &amp#27;[90m# stepdefinitions.CartSteps_API.the_api_response_is(java.lang.String)&amp#27;[0m
]]></system-out>
  </testcase>
  <testcase name="Delete from cart &lt;expectedResult&gt; &lt;response&gt;" classname="Delete product from cart - api" time="1.943">
    <system-out><![CDATA[
@smoke @api @deleteFromCart_api
Scenario: Delete from cart <expectedResult> <response>    &amp#27;[90m# src/test/resources/features/TC_2001_delete_from_cart.feature:13&amp#27;[0m
  &amp#27;[32mGiven &amp#27;[0m&amp#27;[32mthe cart endpoint is &amp#27;[0m&amp#27;[32m&amp#27;[1m"?controller=cart&ajax=true"&amp#27;[0m &amp#27;[90m# stepdefinitions.CartSteps_API.the_cart_endpoint_is(java.lang.String)&amp#27;[0m
  &amp#27;[32mAnd &amp#27;[0m&amp#27;[32ma product with the following attributes:&amp#27;[0m            &amp#27;[90m# stepdefinitions.CartSteps_API.a_product_with_the_following_attributes(java.util.List<java.util.Map<java.lang.String, java.lang.String>>)&amp#27;[0m
  &amp#27;[32mWhen &amp#27;[0m&amp#27;[32mthe product is in cart&amp#27;[0m                             &amp#27;[90m# stepdefinitions.CartSteps_API.the_product_is_in_cart()&amp#27;[0m
  &amp#27;[32mWhen &amp#27;[0m&amp#27;[32mI want to delete the product by id &amp#27;[0m&amp#27;[32m&amp#27;[1m3&amp#27;[0m               &amp#27;[90m# stepdefinitions.CartSteps_API.i_want_to_delete_the_product_by_id(int)&amp#27;[0m
  &amp#27;[32mThen &amp#27;[0m&amp#27;[32mthe product is removed from the cart&amp#27;[0m               &amp#27;[90m# stepdefinitions.CartSteps_API.the_product_is_removed_from_the_cart()&amp#27;[0m
]]></system-out>
  </testcase>
</testsuite>